#-----------------------------------------------------------
# Vivado v2018.3 (64-bit)
# SW Build 2405991 on Thu Dec  6 23:38:27 MST 2018
# IP Build 2404404 on Fri Dec  7 01:43:56 MST 2018
# Start of session at: Sun Mar 10 20:23:40 2019
# Process ID: 4112
# Current directory: C:/Users/Zain/Documents/GitHub/Vivado-9-Bit-Processor/CA
# Command line: vivado.exe -gui_launcher_event rodinguilauncherevent9500 C:\Users\Zain\Documents\GitHub\Vivado-9-Bit-Processor\CA\CA.xpr
# Log file: C:/Users/Zain/Documents/GitHub/Vivado-9-Bit-Processor/CA/vivado.log
# Journal file: C:/Users/Zain/Documents/GitHub/Vivado-9-Bit-Processor/CA\vivado.jou
#-----------------------------------------------------------
start_gui
open_project C:/Users/Zain/Documents/GitHub/Vivado-9-Bit-Processor/CA/CA.xpr
Scanning sources...
Finished scanning sources
INFO: [IP_Flow 19-234] Refreshing IP repositories
INFO: [IP_Flow 19-1704] No user IP repositories specified
INFO: [IP_Flow 19-2313] Loaded Vivado IP repository 'C:/Xilinx/Vivado/2018.3/data/ip'.
open_project: Time (s): cpu = 00:00:17 ; elapsed = 00:00:08 . Memory (MB): peak = 713.055 ; gain = 141.941
update_compile_order -fileset sources_1
WARNING: [filemgmt 56-199] Attempt to get parsing info during refresh. "On-the-fly" syntax checking information may be incorrect. [C:/Users/Zain/Documents/GitHub/Vivado-9-Bit-Processor/CA/CA.srcs/sources_1/new/CPU9bits.v:]
WARNING: [filemgmt 56-199] Attempt to get parsing info during refresh. "On-the-fly" syntax checking information may be incorrect. [C:/Users/Zain/Documents/GitHub/Vivado-9-Bit-Processor/CA/CA.srcs/sim_1/new/Memory.v:]
ERROR: [Common 17-180] Spawn failed: No error
set_property top CPU9bits [current_fileset]
update_compile_order -fileset sources_1
reset_run synth_1
launch_runs synth_1 -jobs 8
[Sun Mar 10 20:37:17 2019] Launched synth_1...
Run output will be captured here: C:/Users/Zain/Documents/GitHub/Vivado-9-Bit-Processor/CA/CA.runs/synth_1/runme.log
reset_run synth_1
launch_runs synth_1 -jobs 8
[Sun Mar 10 20:38:53 2019] Launched synth_1...
Run output will be captured here: C:/Users/Zain/Documents/GitHub/Vivado-9-Bit-Processor/CA/CA.runs/synth_1/runme.log
