#-----------------------------------------------------------
# Vivado v2018.3 (64-bit)
# SW Build 2405991 on Thu Dec  6 23:38:27 MST 2018
# IP Build 2404404 on Fri Dec  7 01:43:56 MST 2018
# Start of session at: Sun Mar 10 14:02:52 2019
# Process ID: 12536
# Current directory: C:/Users/Noahb/Documents/GitHub/Vivado-9-Bit-Processor/CA
# Command line: vivado.exe -gui_launcher_event rodinguilauncherevent7044 C:\Users\Noahb\Documents\GitHub\Vivado-9-Bit-Processor\CA\CA.xpr
# Log file: C:/Users/Noahb/Documents/GitHub/Vivado-9-Bit-Processor/CA/vivado.log
# Journal file: C:/Users/Noahb/Documents/GitHub/Vivado-9-Bit-Processor/CA\vivado.jou
#-----------------------------------------------------------
start_gui
open_project C:/Users/Noahb/Documents/GitHub/Vivado-9-Bit-Processor/CA/CA.xpr
INFO: [Project 1-313] Project file moved from 'C:/Users/Zain/Documents/GitHub/Vivado-9-Bit-Processor/CA' since last save.
Scanning sources...
Finished scanning sources
INFO: [IP_Flow 19-234] Refreshing IP repositories
INFO: [IP_Flow 19-1704] No user IP repositories specified
INFO: [IP_Flow 19-2313] Loaded Vivado IP repository 'C:/Xilinx/Vivado/2018.3/data/ip'.
open_project: Time (s): cpu = 00:00:15 ; elapsed = 00:00:07 . Memory (MB): peak = 704.117 ; gain = 103.863
update_compile_order -fileset sources_1
exit
INFO: [Common 17-206] Exiting Vivado at Sun Mar 10 14:04:27 2019...
