
*** Running vivado
    with args -log NORUnit.vds -m64 -product Vivado -mode batch -messageDb vivado.pb -notrace -source NORUnit.tcl


****** Vivado v2018.3 (64-bit)
  **** SW Build 2405991 on Thu Dec  6 23:38:27 MST 2018
  **** IP Build 2404404 on Fri Dec  7 01:43:56 MST 2018
    ** Copyright 1986-2018 Xilinx, Inc. All Rights Reserved.

source NORUnit.tcl -notrace
Command: synth_design -top NORUnit -part xa7a12tcpg238-2I
Starting synth_design
Attempting to get a license for feature 'Synthesis' and/or device 'xa7a12t'
INFO: [Common 17-349] Got license for feature 'Synthesis' and/or device 'xa7a12t'
INFO: Launching helper process for spawning children vivado processes
INFO: Helper process launched with PID 6896 
---------------------------------------------------------------------------------
Starting Synthesize : Time (s): cpu = 00:00:02 ; elapsed = 00:00:03 . Memory (MB): peak = 365.223 ; gain = 101.543
---------------------------------------------------------------------------------
INFO: [Synth 8-6157] synthesizing module 'NORUnit' [C:/Users/Zain/Documents/GitHub/Vivado-9-Bit-Processor/CA/CA.srcs/sources_1/imports/Documents/NOR.xpr/9-bit Logical Processing/9-bit Logical Processing.srcs/sources_1/new/NORUnit.v:23]
INFO: [Synth 8-6157] synthesizing module 'NORGate' [C:/Users/Zain/Documents/GitHub/Vivado-9-Bit-Processor/CA/CA.srcs/sources_1/imports/Documents/NOR.xpr/9-bit Logical Processing/9-bit Logical Processing.srcs/sources_1/new/NORUnit.v:45]
INFO: [Synth 8-6155] done synthesizing module 'NORGate' (1#1) [C:/Users/Zain/Documents/GitHub/Vivado-9-Bit-Processor/CA/CA.srcs/sources_1/imports/Documents/NOR.xpr/9-bit Logical Processing/9-bit Logical Processing.srcs/sources_1/new/NORUnit.v:45]
INFO: [Synth 8-6155] done synthesizing module 'NORUnit' (2#1) [C:/Users/Zain/Documents/GitHub/Vivado-9-Bit-Processor/CA/CA.srcs/sources_1/imports/Documents/NOR.xpr/9-bit Logical Processing/9-bit Logical Processing.srcs/sources_1/new/NORUnit.v:23]
---------------------------------------------------------------------------------
Finished Synthesize : Time (s): cpu = 00:00:03 ; elapsed = 00:00:03 . Memory (MB): peak = 421.340 ; gain = 157.660
---------------------------------------------------------------------------------
---------------------------------------------------------------------------------
Finished Constraint Validation : Time (s): cpu = 00:00:03 ; elapsed = 00:00:04 . Memory (MB): peak = 421.340 ; gain = 157.660
---------------------------------------------------------------------------------
---------------------------------------------------------------------------------
Start Loading Part and Timing Information
---------------------------------------------------------------------------------
Loading part: xa7a12tcpg238-2I
---------------------------------------------------------------------------------
Finished Loading Part and Timing Information : Time (s): cpu = 00:00:03 ; elapsed = 00:00:04 . Memory (MB): peak = 421.340 ; gain = 157.660
INFO: [Device 21-403] Loading part xa7a12tcpg238-2I
---------------------------------------------------------------------------------
---------------------------------------------------------------------------------
Finished RTL Optimization Phase 2 : Time (s): cpu = 00:00:03 ; elapsed = 00:00:04 . Memory (MB): peak = 421.340 ; gain = 157.660
---------------------------------------------------------------------------------

Report RTL Partitions: 
+-+--------------+------------+----------+
| |RTL Partition |Replication |Instances |
+-+--------------+------------+----------+
+-+--------------+------------+----------+
No constraint files found.
---------------------------------------------------------------------------------
Start RTL Component Statistics 
---------------------------------------------------------------------------------
Detailed RTL Component Info : 
---------------------------------------------------------------------------------
Finished RTL Component Statistics 
---------------------------------------------------------------------------------
---------------------------------------------------------------------------------
Start RTL Hierarchical Component Statistics 
---------------------------------------------------------------------------------
Hierarchical RTL Component report 
---------------------------------------------------------------------------------
Finished RTL Hierarchical Component Statistics
---------------------------------------------------------------------------------
---------------------------------------------------------------------------------
Start Part Resource Summary
---------------------------------------------------------------------------------
Part Resources:
DSPs: 40 (col length:40)
BRAMs: 40 (col length: RAMB18 40 RAMB36 20)
---------------------------------------------------------------------------------
Finished Part Resource Summary
---------------------------------------------------------------------------------
No constraint files found.
---------------------------------------------------------------------------------
Start Cross Boundary and Area Optimization
---------------------------------------------------------------------------------
Warning: Parallel synthesis criteria is not met 
---------------------------------------------------------------------------------
Finished Cross Boundary and Area Optimization : Time (s): cpu = 00:00:06 ; elapsed = 00:00:06 . Memory (MB): peak = 526.910 ; gain = 263.230
---------------------------------------------------------------------------------

Report RTL Partitions: 
+-+--------------+------------+----------+
| |RTL Partition |Replication |Instances |
+-+--------------+------------+----------+
+-+--------------+------------+----------+
No constraint files found.
---------------------------------------------------------------------------------
Start Timing Optimization
---------------------------------------------------------------------------------
---------------------------------------------------------------------------------
Finished Timing Optimization : Time (s): cpu = 00:00:06 ; elapsed = 00:00:06 . Memory (MB): peak = 526.910 ; gain = 263.230
---------------------------------------------------------------------------------

Report RTL Partitions: 
+-+--------------+------------+----------+
| |RTL Partition |Replication |Instances |
+-+--------------+------------+----------+
+-+--------------+------------+----------+
---------------------------------------------------------------------------------
Start Technology Mapping
---------------------------------------------------------------------------------
---------------------------------------------------------------------------------
Finished Technology Mapping : Time (s): cpu = 00:00:06 ; elapsed = 00:00:06 . Memory (MB): peak = 526.910 ; gain = 263.230
---------------------------------------------------------------------------------

Report RTL Partitions: 
+-+--------------+------------+----------+
| |RTL Partition |Replication |Instances |
+-+--------------+------------+----------+
+-+--------------+------------+----------+
---------------------------------------------------------------------------------
Start IO Insertion
---------------------------------------------------------------------------------
---------------------------------------------------------------------------------
Start Flattening Before IO Insertion
---------------------------------------------------------------------------------
---------------------------------------------------------------------------------
Finished Flattening Before IO Insertion
---------------------------------------------------------------------------------
---------------------------------------------------------------------------------
Start Final Netlist Cleanup
---------------------------------------------------------------------------------
---------------------------------------------------------------------------------
Finished Final Netlist Cleanup
---------------------------------------------------------------------------------
---------------------------------------------------------------------------------
Finished IO Insertion : Time (s): cpu = 00:00:07 ; elapsed = 00:00:07 . Memory (MB): peak = 526.910 ; gain = 263.230
---------------------------------------------------------------------------------

Report Check Netlist: 
+------+------------------+-------+---------+-------+------------------+
|      |Item              |Errors |Warnings |Status |Description       |
+------+------------------+-------+---------+-------+------------------+
|1     |multi_driven_nets |      0|        0|Passed |Multi driven nets |
+------+------------------+-------+---------+-------+------------------+
---------------------------------------------------------------------------------
Start Renaming Generated Instances
---------------------------------------------------------------------------------
---------------------------------------------------------------------------------
Finished Renaming Generated Instances : Time (s): cpu = 00:00:07 ; elapsed = 00:00:07 . Memory (MB): peak = 526.910 ; gain = 263.230
---------------------------------------------------------------------------------

Report RTL Partitions: 
+-+--------------+------------+----------+
| |RTL Partition |Replication |Instances |
+-+--------------+------------+----------+
+-+--------------+------------+----------+
---------------------------------------------------------------------------------
Start Rebuilding User Hierarchy
---------------------------------------------------------------------------------
---------------------------------------------------------------------------------
Finished Rebuilding User Hierarchy : Time (s): cpu = 00:00:07 ; elapsed = 00:00:07 . Memory (MB): peak = 526.910 ; gain = 263.230
---------------------------------------------------------------------------------
---------------------------------------------------------------------------------
Start Renaming Generated Ports
---------------------------------------------------------------------------------
---------------------------------------------------------------------------------
Finished Renaming Generated Ports : Time (s): cpu = 00:00:07 ; elapsed = 00:00:07 . Memory (MB): peak = 526.910 ; gain = 263.230
---------------------------------------------------------------------------------
---------------------------------------------------------------------------------
Start Handling Custom Attributes
---------------------------------------------------------------------------------
---------------------------------------------------------------------------------
Finished Handling Custom Attributes : Time (s): cpu = 00:00:07 ; elapsed = 00:00:07 . Memory (MB): peak = 526.910 ; gain = 263.230
---------------------------------------------------------------------------------
---------------------------------------------------------------------------------
Start Renaming Generated Nets
---------------------------------------------------------------------------------
---------------------------------------------------------------------------------
Finished Renaming Generated Nets : Time (s): cpu = 00:00:07 ; elapsed = 00:00:07 . Memory (MB): peak = 526.910 ; gain = 263.230
---------------------------------------------------------------------------------
---------------------------------------------------------------------------------
Start Writing Synthesis Report
---------------------------------------------------------------------------------

Report BlackBoxes: 
+-+--------------+----------+
| |BlackBox name |Instances |
+-+--------------+----------+
+-+--------------+----------+

Report Cell Usage: 
+------+-----+------+
|      |Cell |Count |
+------+-----+------+
|1     |LUT2 |     9|
|2     |IBUF |    18|
|3     |OBUF |     9|
+------+-----+------+

Report Instance Areas: 
+------+---------+-------+------+
|      |Instance |Module |Cells |
+------+---------+-------+------+
|1     |top      |       |    36|
+------+---------+-------+------+
---------------------------------------------------------------------------------
Finished Writing Synthesis Report : Time (s): cpu = 00:00:07 ; elapsed = 00:00:07 . Memory (MB): peak = 526.910 ; gain = 263.230
---------------------------------------------------------------------------------
Synthesis finished with 0 errors, 0 critical warnings and 0 warnings.
Synthesis Optimization Runtime : Time (s): cpu = 00:00:07 ; elapsed = 00:00:07 . Memory (MB): peak = 526.910 ; gain = 263.230
Synthesis Optimization Complete : Time (s): cpu = 00:00:07 ; elapsed = 00:00:07 . Memory (MB): peak = 526.910 ; gain = 263.230
INFO: [Project 1-571] Translating synthesized netlist
INFO: [Project 1-570] Preparing netlist for logic optimization
INFO: [Opt 31-138] Pushed 0 inverter(s) to 0 load pin(s).
Netlist sorting complete. Time (s): cpu = 00:00:00 ; elapsed = 00:00:00 . Memory (MB): peak = 632.660 ; gain = 0.000
INFO: [Project 1-111] Unisim Transformation Summary:
No Unisim elements were transformed.

INFO: [Common 17-83] Releasing license: Synthesis
11 Infos, 0 Warnings, 0 Critical Warnings and 0 Errors encountered.
synth_design completed successfully
synth_design: Time (s): cpu = 00:00:10 ; elapsed = 00:00:12 . Memory (MB): peak = 632.660 ; gain = 378.918
Netlist sorting complete. Time (s): cpu = 00:00:00 ; elapsed = 00:00:00 . Memory (MB): peak = 632.660 ; gain = 0.000
WARNING: [Constraints 18-5210] No constraints selected for write.
Resolution: This message can indicate that there are no constraints for the design, or it can indicate that the used_in flags are set such that the constraints are ignored. This later case is used when running synth_design to not write synthesis constraints to the resulting checkpoint. Instead, project constraints are read when the synthesized design is opened.
INFO: [Common 17-1381] The checkpoint 'C:/Users/Zain/Documents/GitHub/Vivado-9-Bit-Processor/CA/CA.runs/synth_1/NORUnit.dcp' has been generated.
INFO: [runtcl-4] Executing : report_utilization -file NORUnit_utilization_synth.rpt -pb NORUnit_utilization_synth.pb
INFO: [Common 17-206] Exiting Vivado at Sun Mar 10 15:22:43 2019...
